[0605/110939.291:INFO:CONSOLE(131)] "Event handler of 'x-storagemutated-1' event must be added on the initial evaluation of worker script.", source: https://static.whatsapp.net/rsrc.php/v3/yk/r/NZBt1BgnOT9.js?_nc_x=Ij3Wp8lg5Kz (131)
[0605/110939.466:INFO:CONSOLE(0)] "Error with Permissions-Policy header: Origin trial controlled feature not enabled: 'attribution-reporting'.", source:  (0)
[0605/110939.466:INFO:CONSOLE(0)] "Error with Permissions-Policy header: Unrecognized feature: 'battery'.", source:  (0)
[0605/110939.466:INFO:CONSOLE(0)] "Error with Permissions-Policy header: Origin trial controlled feature not enabled: 'compute-pressure'.", source:  (0)
[0605/110939.471:INFO:CONSOLE(0)] "Error with Permissions-Policy header: Origin trial controlled feature not enabled: 'interest-cohort'.", source:  (0)
[0605/110939.471:INFO:CONSOLE(0)] "Error with Permissions-Policy header: Origin trial controlled feature not enabled: 'shared-storage'.", source:  (0)
[0605/110939.471:INFO:CONSOLE(0)] "Error with Permissions-Policy header: Origin trial controlled feature not enabled: 'shared-storage-select-url'.", source:  (0)
[0605/110939.471:INFO:CONSOLE(0)] "Error with Permissions-Policy header: Unrecognized feature: 'usb-unrestricted'.", source:  (0)
[0605/110942.721:INFO:CONSOLE(131)] "Event handler of 'x-storagemutated-1' event must be added on the initial evaluation of worker script.", source: https://static.whatsapp.net/rsrc.php/v3/yk/r/NZBt1BgnOT9.js?_nc_x=Ij3Wp8lg5Kz (131)
[0605/110943.629:INFO:CONSOLE(0)] "The resource https://static.whatsapp.net/rsrc-translations.php/v6iaC44/y2/l/id_ID/h-48Azyzsyi.js?_nc_x=Ij3Wp8lg5Kz was preloaded using link preload but not used within a few seconds from the window's load event. Please make sure it has an appropriate `as` value and it is preloaded intentionally.", source: https://web.whatsapp.com/ (0)
[0605/110943.629:INFO:CONSOLE(0)] "The resource https://static.whatsapp.net/rsrc-translations.php/v6ios_4/yk/l/id_ID/5HqB_aiLVh1.js?_nc_x=Ij3Wp8lg5Kz was preloaded using link preload but not used within a few seconds from the window's load event. Please make sure it has an appropriate `as` value and it is preloaded intentionally.", source: https://web.whatsapp.com/ (0)
[0605/110943.629:INFO:CONSOLE(0)] "The resource https://static.whatsapp.net/rsrc-translations.php/v6iPaq4/yY/l/id_ID/CE4g0JF7usj.js?_nc_x=Ij3Wp8lg5Kz was preloaded using link preload but not used within a few seconds from the window's load event. Please make sure it has an appropriate `as` value and it is preloaded intentionally.", source: https://web.whatsapp.com/ (0)
[0605/110945.880:INFO:CONSOLE(0)] "Error with Permissions-Policy header: Origin trial controlled feature not enabled: 'attribution-reporting'.", source:  (0)
[0605/110945.880:INFO:CONSOLE(0)] "Error with Permissions-Policy header: Unrecognized feature: 'battery'.", source:  (0)
[0605/110945.880:INFO:CONSOLE(0)] "Error with Permissions-Policy header: Origin trial controlled feature not enabled: 'compute-pressure'.", source:  (0)
[0605/110945.880:INFO:CONSOLE(0)] "Error with Permissions-Policy header: Origin trial controlled feature not enabled: 'interest-cohort'.", source:  (0)
[0605/110945.880:INFO:CONSOLE(0)] "Error with Permissions-Policy header: Origin trial controlled feature not enabled: 'shared-storage'.", source:  (0)
[0605/110945.880:INFO:CONSOLE(0)] "Error with Permissions-Policy header: Origin trial controlled feature not enabled: 'shared-storage-select-url'.", source:  (0)
[0605/110945.880:INFO:CONSOLE(0)] "Error with Permissions-Policy header: Unrecognized feature: 'usb-unrestricted'.", source:  (0)
[0605/110950.306:INFO:CONSOLE(131)] "Event handler of 'x-storagemutated-1' event must be added on the initial evaluation of worker script.", source: https://static.whatsapp.net/rsrc.php/v3/yk/r/NZBt1BgnOT9.js?_nc_x=Ij3Wp8lg5Kz (131)
